{"C:\\Users\\pahle\\OneDrive\\ドキュメント\\PHASE 2\\W3\\IP-HCK83\\mealprepmate-server\\controllers\\mealPlanController.js": {"path":"C:\\Users\\pahle\\OneDrive\\ドキュメント\\PHASE 2\\W3\\IP-HCK83\\mealprepmate-server\\controllers\\mealPlanController.js","statementMap":{"0":{"start":{"line":1,"column":35},"end":{"line":1,"column":55}},"1":{"start":{"line":5,"column":4},"end":{"line":56,"column":5}},"2":{"start":{"line":6,"column":32},"end":{"line":6,"column":40}},"3":{"start":{"line":7,"column":21},"end":{"line":7,"column":32}},"4":{"start":{"line":9,"column":6},"end":{"line":11,"column":7}},"5":{"start":{"line":10,"column":8},"end":{"line":10,"column":83}},"6":{"start":{"line":14,"column":21},"end":{"line":14,"column":52}},"7":{"start":{"line":15,"column":6},"end":{"line":17,"column":7}},"8":{"start":{"line":16,"column":8},"end":{"line":16,"column":69}},"9":{"start":{"line":20,"column":27},"end":{"line":22,"column":8}},"10":{"start":{"line":24,"column":6},"end":{"line":37,"column":7}},"11":{"start":{"line":26,"column":8},"end":{"line":26,"column":41}},"12":{"start":{"line":27,"column":8},"end":{"line":27,"column":34}},"13":{"start":{"line":29,"column":28},"end":{"line":31,"column":10}},"14":{"start":{"line":33,"column":8},"end":{"line":36,"column":11}},"15":{"start":{"line":40,"column":23},"end":{"line":44,"column":8}},"16":{"start":{"line":46,"column":26},"end":{"line":48,"column":8}},"17":{"start":{"line":50,"column":6},"end":{"line":53,"column":9}},"18":{"start":{"line":55,"column":6},"end":{"line":55,"column":18}},"19":{"start":{"line":60,"column":4},"end":{"line":72,"column":5}},"20":{"start":{"line":61,"column":21},"end":{"line":61,"column":32}},"21":{"start":{"line":63,"column":24},"end":{"line":67,"column":8}},"22":{"start":{"line":69,"column":6},"end":{"line":69,"column":30}},"23":{"start":{"line":71,"column":6},"end":{"line":71,"column":18}},"24":{"start":{"line":76,"column":4},"end":{"line":93,"column":5}},"25":{"start":{"line":77,"column":21},"end":{"line":77,"column":31}},"26":{"start":{"line":78,"column":21},"end":{"line":78,"column":32}},"27":{"start":{"line":80,"column":23},"end":{"line":82,"column":8}},"28":{"start":{"line":84,"column":6},"end":{"line":86,"column":7}},"29":{"start":{"line":85,"column":8},"end":{"line":85,"column":72}},"30":{"start":{"line":88,"column":6},"end":{"line":88,"column":31}},"31":{"start":{"line":90,"column":6},"end":{"line":90,"column":62}},"32":{"start":{"line":92,"column":6},"end":{"line":92,"column":18}},"33":{"start":{"line":97,"column":0},"end":{"line":97,"column":36}}},"fnMap":{"0":{"name":"(anonymous_0)","decl":{"start":{"line":4,"column":2},"end":{"line":4,"column":3}},"loc":{"start":{"line":4,"column":46},"end":{"line":57,"column":3}},"line":4},"1":{"name":"(anonymous_1)","decl":{"start":{"line":59,"column":2},"end":{"line":59,"column":3}},"loc":{"start":{"line":59,"column":48},"end":{"line":73,"column":3}},"line":59},"2":{"name":"(anonymous_2)","decl":{"start":{"line":75,"column":2},"end":{"line":75,"column":3}},"loc":{"start":{"line":75,"column":46},"end":{"line":94,"column":3}},"line":75}},"branchMap":{"0":{"loc":{"start":{"line":9,"column":6},"end":{"line":11,"column":7}},"type":"if","locations":[{"start":{"line":9,"column":6},"end":{"line":11,"column":7}},{"start":{},"end":{}}],"line":9},"1":{"loc":{"start":{"line":9,"column":10},"end":{"line":9,"column":27}},"type":"binary-expr","locations":[{"start":{"line":9,"column":10},"end":{"line":9,"column":14}},{"start":{"line":9,"column":18},"end":{"line":9,"column":27}}],"line":9},"2":{"loc":{"start":{"line":15,"column":6},"end":{"line":17,"column":7}},"type":"if","locations":[{"start":{"line":15,"column":6},"end":{"line":17,"column":7}},{"start":{},"end":{}}],"line":15},"3":{"loc":{"start":{"line":24,"column":6},"end":{"line":37,"column":7}},"type":"if","locations":[{"start":{"line":24,"column":6},"end":{"line":37,"column":7}},{"start":{},"end":{}}],"line":24},"4":{"loc":{"start":{"line":84,"column":6},"end":{"line":86,"column":7}},"type":"if","locations":[{"start":{"line":84,"column":6},"end":{"line":86,"column":7}},{"start":{},"end":{}}],"line":84}},"s":{"0":4,"1":3,"2":3,"3":3,"4":3,"5":1,"6":2,"7":2,"8":0,"9":2,"10":2,"11":1,"12":1,"13":1,"14":1,"15":1,"16":1,"17":1,"18":0,"19":2,"20":2,"21":2,"22":1,"23":1,"24":3,"25":3,"26":3,"27":3,"28":2,"29":1,"30":1,"31":1,"32":1,"33":4},"f":{"0":3,"1":2,"2":3},"b":{"0":[1,2],"1":[3,2],"2":[0,2],"3":[1,1],"4":[1,1]},"_coverageSchema":"1a1c01bbd47fc00a2c39e90264f33305004495a9","hash":"f3787d70d5981c3755e7a7e637ae7646fcb334da"}
,"C:\\Users\\pahle\\OneDrive\\ドキュメント\\PHASE 2\\W3\\IP-HCK83\\mealprepmate-server\\controllers\\recipeController.js": {"path":"C:\\Users\\pahle\\OneDrive\\ドキュメント\\PHASE 2\\W3\\IP-HCK83\\mealprepmate-server\\controllers\\recipeController.js","statementMap":{"0":{"start":{"line":1,"column":0},"end":{"line":1,"column":27}},"1":{"start":{"line":2,"column":19},"end":{"line":2,"column":39}},"2":{"start":{"line":3,"column":15},"end":{"line":3,"column":35}},"3":{"start":{"line":4,"column":31},"end":{"line":4,"column":63}},"4":{"start":{"line":6,"column":14},"end":{"line":6,"column":64}},"5":{"start":{"line":10,"column":4},"end":{"line":218,"column":5}},"6":{"start":{"line":11,"column":30},"end":{"line":11,"column":39}},"7":{"start":{"line":13,"column":6},"end":{"line":13,"column":57}},"8":{"start":{"line":15,"column":6},"end":{"line":17,"column":7}},"9":{"start":{"line":16,"column":8},"end":{"line":16,"column":86}},"10":{"start":{"line":19,"column":31},"end":{"line":19,"column":76}},"11":{"start":{"line":19,"column":65},"end":{"line":19,"column":75}},"12":{"start":{"line":20,"column":6},"end":{"line":20,"column":62}},"13":{"start":{"line":23,"column":27},"end":{"line":23,"column":47}},"14":{"start":{"line":24,"column":6},"end":{"line":24,"column":65}},"15":{"start":{"line":27,"column":6},"end":{"line":124,"column":7}},"16":{"start":{"line":28,"column":24},"end":{"line":41,"column":10}},"17":{"start":{"line":30,"column":57},"end":{"line":34,"column":13}},"18":{"start":{"line":43,"column":8},"end":{"line":43,"column":66}},"19":{"start":{"line":44,"column":8},"end":{"line":44,"column":68}},"20":{"start":{"line":44,"column":58},"end":{"line":44,"column":65}},"21":{"start":{"line":47,"column":8},"end":{"line":121,"column":9}},"22":{"start":{"line":48,"column":10},"end":{"line":120,"column":11}},"23":{"start":{"line":49,"column":12},"end":{"line":49,"column":55}},"24":{"start":{"line":51,"column":30},"end":{"line":51,"column":32}},"25":{"start":{"line":52,"column":34},"end":{"line":58,"column":13}},"26":{"start":{"line":61,"column":12},"end":{"line":80,"column":13}},"27":{"start":{"line":61,"column":25},"end":{"line":61,"column":26}},"28":{"start":{"line":62,"column":28},"end":{"line":62,"column":91}},"29":{"start":{"line":63,"column":40},"end":{"line":63,"column":68}},"30":{"start":{"line":65,"column":14},"end":{"line":65,"column":62}},"31":{"start":{"line":67,"column":31},"end":{"line":67,"column":93}},"32":{"start":{"line":69,"column":14},"end":{"line":76,"column":17}},"33":{"start":{"line":79,"column":14},"end":{"line":79,"column":69}},"34":{"start":{"line":79,"column":43},"end":{"line":79,"column":67}},"35":{"start":{"line":82,"column":31},"end":{"line":89,"column":13}},"36":{"start":{"line":83,"column":40},"end":{"line":87,"column":15}},"37":{"start":{"line":92,"column":36},"end":{"line":92,"column":78}},"38":{"start":{"line":92,"column":58},"end":{"line":92,"column":77}},"39":{"start":{"line":94,"column":12},"end":{"line":94,"column":79}},"40":{"start":{"line":94,"column":69},"end":{"line":94,"column":76}},"41":{"start":{"line":96,"column":12},"end":{"line":105,"column":15}},"42":{"start":{"line":108,"column":12},"end":{"line":108,"column":69}},"43":{"start":{"line":111,"column":38},"end":{"line":113,"column":46}},"44":{"start":{"line":112,"column":30},"end":{"line":112,"column":72}},"45":{"start":{"line":113,"column":26},"end":{"line":113,"column":45}},"46":{"start":{"line":115,"column":12},"end":{"line":119,"column":15}},"47":{"start":{"line":123,"column":8},"end":{"line":123,"column":66}},"48":{"start":{"line":127,"column":6},"end":{"line":209,"column":7}},"49":{"start":{"line":128,"column":8},"end":{"line":128,"column":61}},"50":{"start":{"line":130,"column":26},"end":{"line":130,"column":28}},"51":{"start":{"line":131,"column":29},"end":{"line":137,"column":9}},"52":{"start":{"line":139,"column":8},"end":{"line":157,"column":9}},"53":{"start":{"line":139,"column":21},"end":{"line":139,"column":22}},"54":{"start":{"line":140,"column":26},"end":{"line":140,"column":63}},"55":{"start":{"line":141,"column":38},"end":{"line":141,"column":81}},"56":{"start":{"line":143,"column":10},"end":{"line":143,"column":82}},"57":{"start":{"line":145,"column":27},"end":{"line":145,"column":91}},"58":{"start":{"line":147,"column":10},"end":{"line":154,"column":13}},"59":{"start":{"line":156,"column":10},"end":{"line":156,"column":65}},"60":{"start":{"line":156,"column":39},"end":{"line":156,"column":63}},"61":{"start":{"line":159,"column":8},"end":{"line":159,"column":76}},"62":{"start":{"line":159,"column":66},"end":{"line":159,"column":73}},"63":{"start":{"line":161,"column":8},"end":{"line":168,"column":11}},"64":{"start":{"line":171,"column":8},"end":{"line":171,"column":59}},"65":{"start":{"line":174,"column":31},"end":{"line":174,"column":33}},"66":{"start":{"line":175,"column":30},"end":{"line":177,"column":9}},"67":{"start":{"line":178,"column":27},"end":{"line":180,"column":9}},"68":{"start":{"line":182,"column":8},"end":{"line":197,"column":9}},"69":{"start":{"line":182,"column":21},"end":{"line":182,"column":22}},"70":{"start":{"line":183,"column":24},"end":{"line":183,"column":87}},"71":{"start":{"line":184,"column":28},"end":{"line":184,"column":85}},"72":{"start":{"line":185,"column":33},"end":{"line":185,"column":65}},"73":{"start":{"line":187,"column":10},"end":{"line":196,"column":13}},"74":{"start":{"line":199,"column":8},"end":{"line":199,"column":77}},"75":{"start":{"line":199,"column":67},"end":{"line":199,"column":74}},"76":{"start":{"line":201,"column":8},"end":{"line":208,"column":11}},"77":{"start":{"line":212,"column":6},"end":{"line":212,"column":55}},"78":{"start":{"line":213,"column":6},"end":{"line":217,"column":9}},"79":{"start":{"line":222,"column":4},"end":{"line":304,"column":3}},"80":{"start":{"line":224,"column":18},"end":{"line":224,"column":73}},"81":{"start":{"line":227,"column":27},"end":{"line":227,"column":87}},"82":{"start":{"line":228,"column":26},"end":{"line":228,"column":88}},"83":{"start":{"line":230,"column":25},"end":{"line":230,"column":90}},"84":{"start":{"line":231,"column":26},"end":{"line":231,"column":89}},"85":{"start":{"line":232,"column":23},"end":{"line":232,"column":62}},"86":{"start":{"line":233,"column":21},"end":{"line":233,"column":45}},"87":{"start":{"line":234,"column":19},"end":{"line":252,"column":2}},"88":{"start":{"line":254,"column":4},"end":{"line":254,"column":67}},"89":{"start":{"line":256,"column":19},"end":{"line":258,"column":6}},"90":{"start":{"line":260,"column":21},"end":{"line":260,"column":42}},"91":{"start":{"line":261,"column":17},"end":{"line":261,"column":38}},"92":{"start":{"line":263,"column":4},"end":{"line":263,"column":67}},"93":{"start":{"line":266,"column":20},"end":{"line":266,"column":45}},"94":{"start":{"line":267,"column":4},"end":{"line":273,"column":5}},"95":{"start":{"line":269,"column":6},"end":{"line":269,"column":99}},"96":{"start":{"line":270,"column":6},"end":{"line":272,"column":7}},"97":{"start":{"line":271,"column":8},"end":{"line":271,"column":36}},"98":{"start":{"line":275,"column":4},"end":{"line":277,"column":5}},"99":{"start":{"line":276,"column":6},"end":{"line":276,"column":69}},"100":{"start":{"line":279,"column":19},"end":{"line":279,"column":43}},"101":{"start":{"line":282,"column":4},"end":{"line":284,"column":5}},"102":{"start":{"line":283,"column":6},"end":{"line":283,"column":61}},"103":{"start":{"line":286,"column":33},"end":{"line":288,"column":34}},"104":{"start":{"line":290,"column":34},"end":{"line":292,"column":35}},"105":{"start":{"line":291,"column":49},"end":{"line":291,"column":79}},"106":{"start":{"line":294,"column":4},"end":{"line":298,"column":6}},"107":{"start":{"line":301,"column":4},"end":{"line":301,"column":66}},"108":{"start":{"line":302,"column":4},"end":{"line":302,"column":42}},"109":{"start":{"line":303,"column":4},"end":{"line":303,"column":16}},"110":{"start":{"line":308,"column":4},"end":{"line":320,"column":5}},"111":{"start":{"line":309,"column":21},"end":{"line":309,"column":31}},"112":{"start":{"line":311,"column":21},"end":{"line":311,"column":46}},"113":{"start":{"line":313,"column":6},"end":{"line":315,"column":7}},"114":{"start":{"line":314,"column":8},"end":{"line":314,"column":69}},"115":{"start":{"line":317,"column":6},"end":{"line":317,"column":27}},"116":{"start":{"line":319,"column":6},"end":{"line":319,"column":18}},"117":{"start":{"line":324,"column":4},"end":{"line":342,"column":5}},"118":{"start":{"line":325,"column":39},"end":{"line":325,"column":48}},"119":{"start":{"line":326,"column":21},"end":{"line":326,"column":39}},"120":{"start":{"line":328,"column":22},"end":{"line":332,"column":8}},"121":{"start":{"line":334,"column":6},"end":{"line":339,"column":9}},"122":{"start":{"line":341,"column":6},"end":{"line":341,"column":18}},"123":{"start":{"line":346,"column":4},"end":{"line":353,"column":5}},"124":{"start":{"line":347,"column":21},"end":{"line":347,"column":45}},"125":{"start":{"line":348,"column":6},"end":{"line":348,"column":47}},"126":{"start":{"line":349,"column":6},"end":{"line":349,"column":20}},"127":{"start":{"line":351,"column":6},"end":{"line":351,"column":52}},"128":{"start":{"line":352,"column":6},"end":{"line":352,"column":16}},"129":{"start":{"line":357,"column":4},"end":{"line":379,"column":5}},"130":{"start":{"line":358,"column":51},"end":{"line":358,"column":59}},"131":{"start":{"line":360,"column":6},"end":{"line":364,"column":7}},"132":{"start":{"line":361,"column":8},"end":{"line":363,"column":11}},"133":{"start":{"line":366,"column":21},"end":{"line":371,"column":8}},"134":{"start":{"line":373,"column":6},"end":{"line":376,"column":9}},"135":{"start":{"line":378,"column":6},"end":{"line":378,"column":18}},"136":{"start":{"line":383,"column":4},"end":{"line":405,"column":5}},"137":{"start":{"line":384,"column":21},"end":{"line":384,"column":31}},"138":{"start":{"line":385,"column":51},"end":{"line":385,"column":59}},"139":{"start":{"line":387,"column":21},"end":{"line":387,"column":46}},"140":{"start":{"line":389,"column":6},"end":{"line":391,"column":7}},"141":{"start":{"line":390,"column":8},"end":{"line":390,"column":69}},"142":{"start":{"line":393,"column":28},"end":{"line":397,"column":8}},"143":{"start":{"line":399,"column":6},"end":{"line":402,"column":9}},"144":{"start":{"line":404,"column":6},"end":{"line":404,"column":18}},"145":{"start":{"line":409,"column":0},"end":{"line":409,"column":34}}},"fnMap":{"0":{"name":"(anonymous_0)","decl":{"start":{"line":9,"column":2},"end":{"line":9,"column":3}},"loc":{"start":{"line":9,"column":45},"end":{"line":219,"column":3}},"line":9},"1":{"name":"(anonymous_1)","decl":{"start":{"line":19,"column":58},"end":{"line":19,"column":59}},"loc":{"start":{"line":19,"column":65},"end":{"line":19,"column":75}},"line":19},"2":{"name":"(anonymous_2)","decl":{"start":{"line":30,"column":42},"end":{"line":30,"column":43}},"loc":{"start":{"line":30,"column":57},"end":{"line":34,"column":13}},"line":30},"3":{"name":"(anonymous_3)","decl":{"start":{"line":44,"column":53},"end":{"line":44,"column":54}},"loc":{"start":{"line":44,"column":58},"end":{"line":44,"column":65}},"line":44},"4":{"name":"(anonymous_4)","decl":{"start":{"line":79,"column":32},"end":{"line":79,"column":33}},"loc":{"start":{"line":79,"column":43},"end":{"line":79,"column":67}},"line":79},"5":{"name":"(anonymous_5)","decl":{"start":{"line":83,"column":29},"end":{"line":83,"column":30}},"loc":{"start":{"line":83,"column":40},"end":{"line":87,"column":15}},"line":83},"6":{"name":"(anonymous_6)","decl":{"start":{"line":92,"column":52},"end":{"line":92,"column":53}},"loc":{"start":{"line":92,"column":58},"end":{"line":92,"column":77}},"line":92},"7":{"name":"(anonymous_7)","decl":{"start":{"line":94,"column":64},"end":{"line":94,"column":65}},"loc":{"start":{"line":94,"column":69},"end":{"line":94,"column":76}},"line":94},"8":{"name":"(anonymous_8)","decl":{"start":{"line":112,"column":19},"end":{"line":112,"column":20}},"loc":{"start":{"line":112,"column":30},"end":{"line":112,"column":72}},"line":112},"9":{"name":"(anonymous_9)","decl":{"start":{"line":113,"column":20},"end":{"line":113,"column":21}},"loc":{"start":{"line":113,"column":26},"end":{"line":113,"column":45}},"line":113},"10":{"name":"(anonymous_10)","decl":{"start":{"line":156,"column":28},"end":{"line":156,"column":29}},"loc":{"start":{"line":156,"column":39},"end":{"line":156,"column":63}},"line":156},"11":{"name":"(anonymous_11)","decl":{"start":{"line":159,"column":61},"end":{"line":159,"column":62}},"loc":{"start":{"line":159,"column":66},"end":{"line":159,"column":73}},"line":159},"12":{"name":"(anonymous_12)","decl":{"start":{"line":199,"column":62},"end":{"line":199,"column":63}},"loc":{"start":{"line":199,"column":67},"end":{"line":199,"column":74}},"line":199},"13":{"name":"(anonymous_13)","decl":{"start":{"line":221,"column":2},"end":{"line":221,"column":3}},"loc":{"start":{"line":221,"column":49},"end":{"line":305,"column":1}},"line":221},"14":{"name":"(anonymous_14)","decl":{"start":{"line":291,"column":32},"end":{"line":291,"column":33}},"loc":{"start":{"line":291,"column":49},"end":{"line":291,"column":79}},"line":291},"15":{"name":"(anonymous_15)","decl":{"start":{"line":307,"column":2},"end":{"line":307,"column":3}},"loc":{"start":{"line":307,"column":45},"end":{"line":321,"column":3}},"line":307},"16":{"name":"(anonymous_16)","decl":{"start":{"line":323,"column":2},"end":{"line":323,"column":3}},"loc":{"start":{"line":323,"column":45},"end":{"line":343,"column":3}},"line":323},"17":{"name":"(anonymous_17)","decl":{"start":{"line":345,"column":2},"end":{"line":345,"column":3}},"loc":{"start":{"line":345,"column":37},"end":{"line":354,"column":3}},"line":345},"18":{"name":"(anonymous_18)","decl":{"start":{"line":356,"column":2},"end":{"line":356,"column":3}},"loc":{"start":{"line":356,"column":44},"end":{"line":380,"column":3}},"line":356},"19":{"name":"(anonymous_19)","decl":{"start":{"line":382,"column":2},"end":{"line":382,"column":3}},"loc":{"start":{"line":382,"column":44},"end":{"line":406,"column":3}},"line":382}},"branchMap":{"0":{"loc":{"start":{"line":15,"column":6},"end":{"line":17,"column":7}},"type":"if","locations":[{"start":{"line":15,"column":6},"end":{"line":17,"column":7}},{"start":{},"end":{}}],"line":15},"1":{"loc":{"start":{"line":47,"column":8},"end":{"line":121,"column":9}},"type":"if","locations":[{"start":{"line":47,"column":8},"end":{"line":121,"column":9}},{"start":{},"end":{}}],"line":47},"2":{"loc":{"start":{"line":185,"column":33},"end":{"line":185,"column":65}},"type":"binary-expr","locations":[{"start":{"line":185,"column":33},"end":{"line":185,"column":52}},{"start":{"line":185,"column":56},"end":{"line":185,"column":65}}],"line":185},"3":{"loc":{"start":{"line":216,"column":15},"end":{"line":216,"column":79}},"type":"cond-expr","locations":[{"start":{"line":216,"column":56},"end":{"line":216,"column":67}},{"start":{"line":216,"column":70},"end":{"line":216,"column":79}}],"line":216},"4":{"loc":{"start":{"line":267,"column":4},"end":{"line":273,"column":5}},"type":"if","locations":[{"start":{"line":267,"column":4},"end":{"line":273,"column":5}},{"start":{},"end":{}}],"line":267},"5":{"loc":{"start":{"line":269,"column":18},"end":{"line":269,"column":98}},"type":"binary-expr","locations":[{"start":{"line":269,"column":18},"end":{"line":269,"column":58}},{"start":{"line":269,"column":62},"end":{"line":269,"column":98}}],"line":269},"6":{"loc":{"start":{"line":270,"column":6},"end":{"line":272,"column":7}},"type":"if","locations":[{"start":{"line":270,"column":6},"end":{"line":272,"column":7}},{"start":{},"end":{}}],"line":270},"7":{"loc":{"start":{"line":275,"column":4},"end":{"line":277,"column":5}},"type":"if","locations":[{"start":{"line":275,"column":4},"end":{"line":277,"column":5}},{"start":{},"end":{}}],"line":275},"8":{"loc":{"start":{"line":282,"column":4},"end":{"line":284,"column":5}},"type":"if","locations":[{"start":{"line":282,"column":4},"end":{"line":284,"column":5}},{"start":{},"end":{}}],"line":282},"9":{"loc":{"start":{"line":282,"column":8},"end":{"line":282,"column":68}},"type":"binary-expr","locations":[{"start":{"line":282,"column":8},"end":{"line":282,"column":21}},{"start":{"line":282,"column":25},"end":{"line":282,"column":44}},{"start":{"line":282,"column":48},"end":{"line":282,"column":68}}],"line":282},"10":{"loc":{"start":{"line":286,"column":33},"end":{"line":288,"column":34}},"type":"cond-expr","locations":[{"start":{"line":287,"column":8},"end":{"line":287,"column":37}},{"start":{"line":288,"column":8},"end":{"line":288,"column":34}}],"line":286},"11":{"loc":{"start":{"line":290,"column":34},"end":{"line":292,"column":35}},"type":"cond-expr","locations":[{"start":{"line":291,"column":8},"end":{"line":291,"column":90}},{"start":{"line":292,"column":8},"end":{"line":292,"column":35}}],"line":290},"12":{"loc":{"start":{"line":313,"column":6},"end":{"line":315,"column":7}},"type":"if","locations":[{"start":{"line":313,"column":6},"end":{"line":315,"column":7}},{"start":{},"end":{}}],"line":313},"13":{"loc":{"start":{"line":325,"column":14},"end":{"line":325,"column":22}},"type":"default-arg","locations":[{"start":{"line":325,"column":21},"end":{"line":325,"column":22}}],"line":325},"14":{"loc":{"start":{"line":325,"column":24},"end":{"line":325,"column":34}},"type":"default-arg","locations":[{"start":{"line":325,"column":32},"end":{"line":325,"column":34}}],"line":325},"15":{"loc":{"start":{"line":360,"column":6},"end":{"line":364,"column":7}},"type":"if","locations":[{"start":{"line":360,"column":6},"end":{"line":364,"column":7}},{"start":{},"end":{}}],"line":360},"16":{"loc":{"start":{"line":360,"column":10},"end":{"line":360,"column":49}},"type":"binary-expr","locations":[{"start":{"line":360,"column":10},"end":{"line":360,"column":16}},{"start":{"line":360,"column":20},"end":{"line":360,"column":32}},{"start":{"line":360,"column":36},"end":{"line":360,"column":49}}],"line":360},"17":{"loc":{"start":{"line":389,"column":6},"end":{"line":391,"column":7}},"type":"if","locations":[{"start":{"line":389,"column":6},"end":{"line":391,"column":7}},{"start":{},"end":{}}],"line":389},"18":{"loc":{"start":{"line":394,"column":12},"end":{"line":394,"column":30}},"type":"binary-expr","locations":[{"start":{"line":394,"column":12},"end":{"line":394,"column":17}},{"start":{"line":394,"column":21},"end":{"line":394,"column":30}}],"line":394},"19":{"loc":{"start":{"line":395,"column":12},"end":{"line":395,"column":42}},"type":"binary-expr","locations":[{"start":{"line":395,"column":12},"end":{"line":395,"column":23}},{"start":{"line":395,"column":27},"end":{"line":395,"column":42}}],"line":395},"20":{"loc":{"start":{"line":396,"column":12},"end":{"line":396,"column":44}},"type":"binary-expr","locations":[{"start":{"line":396,"column":12},"end":{"line":396,"column":24}},{"start":{"line":396,"column":28},"end":{"line":396,"column":44}}],"line":396}},"s":{"0":4,"1":4,"2":4,"3":4,"4":4,"5":11,"6":11,"7":11,"8":11,"9":3,"10":8,"11":10,"12":8,"13":8,"14":8,"15":8,"16":8,"17":10,"18":8,"19":8,"20":4,"21":8,"22":4,"23":4,"24":4,"25":4,"26":4,"27":4,"28":6,"29":6,"30":6,"31":6,"32":4,"33":4,"34":4,"35":2,"36":2,"37":2,"38":8,"39":2,"40":6,"41":2,"42":2,"43":2,"44":2,"45":0,"46":2,"47":0,"48":4,"49":4,"50":4,"51":4,"52":4,"53":4,"54":13,"55":13,"56":13,"57":13,"58":12,"59":12,"60":12,"61":3,"62":12,"63":3,"64":1,"65":1,"66":1,"67":1,"68":1,"69":1,"70":3,"71":3,"72":3,"73":3,"74":1,"75":3,"76":1,"77":0,"78":0,"79":16,"80":16,"81":16,"82":16,"83":16,"84":16,"85":16,"86":16,"87":16,"88":16,"89":16,"90":16,"91":16,"92":16,"93":16,"94":16,"95":0,"96":0,"97":0,"98":16,"99":0,"100":16,"101":16,"102":0,"103":16,"104":16,"105":0,"106":16,"107":0,"108":0,"109":0,"110":3,"111":3,"112":3,"113":3,"114":2,"115":1,"116":0,"117":1,"118":1,"119":1,"120":1,"121":1,"122":0,"123":1,"124":1,"125":0,"126":0,"127":1,"128":1,"129":6,"130":6,"131":6,"132":3,"133":3,"134":3,"135":0,"136":5,"137":5,"138":5,"139":5,"140":5,"141":2,"142":3,"143":3,"144":0,"145":4},"f":{"0":11,"1":10,"2":10,"3":4,"4":4,"5":2,"6":8,"7":6,"8":2,"9":0,"10":12,"11":12,"12":3,"13":16,"14":0,"15":3,"16":1,"17":1,"18":6,"19":5},"b":{"0":[3,8],"1":[4,4],"2":[3,0],"3":[0,0],"4":[0,16],"5":[0,0],"6":[0,0],"7":[0,16],"8":[0,16],"9":[16,16,16],"10":[0,16],"11":[0,16],"12":[2,1],"13":[1],"14":[1],"15":[3,3],"16":[6,5,4],"17":[2,3],"18":[3,3],"19":[3,2],"20":[3,2]},"_coverageSchema":"1a1c01bbd47fc00a2c39e90264f33305004495a9","hash":"168614f450d9ea4c99a55252bc3aeacc907174ab"}
,"C:\\Users\\pahle\\OneDrive\\ドキュメント\\PHASE 2\\W3\\IP-HCK83\\mealprepmate-server\\controllers\\userController.js": {"path":"C:\\Users\\pahle\\OneDrive\\ドキュメント\\PHASE 2\\W3\\IP-HCK83\\mealprepmate-server\\controllers\\userController.js","statementMap":{"0":{"start":{"line":1,"column":17},"end":{"line":1,"column":37}},"1":{"start":{"line":2,"column":42},"end":{"line":2,"column":70}},"2":{"start":{"line":3,"column":22},"end":{"line":3,"column":47}},"3":{"start":{"line":4,"column":25},"end":{"line":4,"column":55}},"4":{"start":{"line":5,"column":22},"end":{"line":5,"column":47}},"5":{"start":{"line":7,"column":15},"end":{"line":7,"column":33}},"6":{"start":{"line":8,"column":16},"end":{"line":8,"column":35}},"7":{"start":{"line":12,"column":4},"end":{"line":40,"column":5}},"8":{"start":{"line":13,"column":44},"end":{"line":13,"column":52}},"9":{"start":{"line":15,"column":6},"end":{"line":17,"column":7}},"10":{"start":{"line":16,"column":8},"end":{"line":16,"column":76}},"11":{"start":{"line":19,"column":29},"end":{"line":19,"column":51}},"12":{"start":{"line":21,"column":19},"end":{"line":25,"column":8}},"13":{"start":{"line":27,"column":20},"end":{"line":27,"column":65}},"14":{"start":{"line":29,"column":6},"end":{"line":37,"column":9}},"15":{"start":{"line":39,"column":6},"end":{"line":39,"column":18}},"16":{"start":{"line":44,"column":4},"end":{"line":76,"column":5}},"17":{"start":{"line":45,"column":34},"end":{"line":45,"column":42}},"18":{"start":{"line":47,"column":6},"end":{"line":51,"column":7}},"19":{"start":{"line":48,"column":8},"end":{"line":50,"column":64}},"20":{"start":{"line":53,"column":19},"end":{"line":53,"column":59}},"21":{"start":{"line":55,"column":6},"end":{"line":57,"column":7}},"22":{"start":{"line":56,"column":8},"end":{"line":56,"column":72}},"23":{"start":{"line":59,"column":20},"end":{"line":59,"column":65}},"24":{"start":{"line":61,"column":6},"end":{"line":73,"column":9}},"25":{"start":{"line":75,"column":6},"end":{"line":75,"column":18}},"26":{"start":{"line":81,"column":4},"end":{"line":108,"column":5}},"27":{"start":{"line":82,"column":21},"end":{"line":82,"column":32}},"28":{"start":{"line":84,"column":19},"end":{"line":86,"column":8}},"29":{"start":{"line":88,"column":6},"end":{"line":90,"column":7}},"30":{"start":{"line":89,"column":8},"end":{"line":89,"column":67}},"31":{"start":{"line":92,"column":6},"end":{"line":105,"column":9}},"32":{"start":{"line":107,"column":6},"end":{"line":107,"column":18}},"33":{"start":{"line":113,"column":4},"end":{"line":149,"column":5}},"34":{"start":{"line":114,"column":21},"end":{"line":114,"column":32}},"35":{"start":{"line":115,"column":69},"end":{"line":115,"column":77}},"36":{"start":{"line":117,"column":19},"end":{"line":117,"column":46}},"37":{"start":{"line":119,"column":6},"end":{"line":121,"column":7}},"38":{"start":{"line":120,"column":8},"end":{"line":120,"column":67}},"39":{"start":{"line":124,"column":25},"end":{"line":124,"column":27}},"40":{"start":{"line":125,"column":6},"end":{"line":125,"column":51}},"41":{"start":{"line":125,"column":20},"end":{"line":125,"column":51}},"42":{"start":{"line":126,"column":6},"end":{"line":126,"column":68}},"43":{"start":{"line":126,"column":35},"end":{"line":126,"column":68}},"44":{"start":{"line":127,"column":6},"end":{"line":127,"column":65}},"45":{"start":{"line":127,"column":34},"end":{"line":127,"column":65}},"46":{"start":{"line":128,"column":6},"end":{"line":128,"column":50}},"47":{"start":{"line":128,"column":29},"end":{"line":128,"column":50}},"48":{"start":{"line":129,"column":6},"end":{"line":130,"column":51}},"49":{"start":{"line":130,"column":8},"end":{"line":130,"column":51}},"50":{"start":{"line":132,"column":6},"end":{"line":132,"column":36}},"51":{"start":{"line":134,"column":6},"end":{"line":146,"column":9}},"52":{"start":{"line":148,"column":6},"end":{"line":148,"column":18}},"53":{"start":{"line":154,"column":4},"end":{"line":187,"column":5}},"54":{"start":{"line":155,"column":21},"end":{"line":155,"column":32}},"55":{"start":{"line":156,"column":47},"end":{"line":156,"column":55}},"56":{"start":{"line":158,"column":6},"end":{"line":162,"column":7}},"57":{"start":{"line":159,"column":8},"end":{"line":161,"column":11}},"58":{"start":{"line":164,"column":19},"end":{"line":164,"column":46}},"59":{"start":{"line":166,"column":6},"end":{"line":168,"column":7}},"60":{"start":{"line":167,"column":8},"end":{"line":167,"column":67}},"61":{"start":{"line":171,"column":6},"end":{"line":175,"column":7}},"62":{"start":{"line":172,"column":8},"end":{"line":174,"column":62}},"63":{"start":{"line":178,"column":32},"end":{"line":178,"column":57}},"64":{"start":{"line":180,"column":6},"end":{"line":180,"column":57}},"65":{"start":{"line":182,"column":6},"end":{"line":184,"column":9}},"66":{"start":{"line":186,"column":6},"end":{"line":186,"column":18}},"67":{"start":{"line":191,"column":4},"end":{"line":258,"column":5}},"68":{"start":{"line":192,"column":27},"end":{"line":192,"column":35}},"69":{"start":{"line":193,"column":6},"end":{"line":193,"column":67}},"70":{"start":{"line":194,"column":6},"end":{"line":194,"column":79}},"71":{"start":{"line":197,"column":21},"end":{"line":200,"column":8}},"72":{"start":{"line":202,"column":22},"end":{"line":202,"column":41}},"73":{"start":{"line":203,"column":6},"end":{"line":203,"column":48}},"74":{"start":{"line":206,"column":17},"end":{"line":206,"column":72}},"75":{"start":{"line":208,"column":6},"end":{"line":233,"column":7}},"76":{"start":{"line":210,"column":8},"end":{"line":217,"column":11}},"77":{"start":{"line":219,"column":22},"end":{"line":219,"column":67}},"78":{"start":{"line":221,"column":8},"end":{"line":232,"column":11}},"79":{"start":{"line":236,"column":20},"end":{"line":236,"column":65}},"80":{"start":{"line":238,"column":6},"end":{"line":250,"column":9}},"81":{"start":{"line":252,"column":6},"end":{"line":252,"column":50}},"82":{"start":{"line":253,"column":6},"end":{"line":256,"column":9}},"83":{"start":{"line":257,"column":6},"end":{"line":257,"column":18}},"84":{"start":{"line":263,"column":4},"end":{"line":294,"column":5}},"85":{"start":{"line":264,"column":21},"end":{"line":264,"column":32}},"86":{"start":{"line":265,"column":27},"end":{"line":265,"column":35}},"87":{"start":{"line":267,"column":6},"end":{"line":271,"column":7}},"88":{"start":{"line":268,"column":8},"end":{"line":270,"column":11}},"89":{"start":{"line":273,"column":19},"end":{"line":273,"column":46}},"90":{"start":{"line":275,"column":6},"end":{"line":277,"column":7}},"91":{"start":{"line":276,"column":8},"end":{"line":276,"column":67}},"92":{"start":{"line":280,"column":6},"end":{"line":284,"column":7}},"93":{"start":{"line":281,"column":8},"end":{"line":283,"column":11}},"94":{"start":{"line":287,"column":6},"end":{"line":287,"column":27}},"95":{"start":{"line":289,"column":6},"end":{"line":291,"column":9}},"96":{"start":{"line":293,"column":6},"end":{"line":293,"column":18}},"97":{"start":{"line":299,"column":4},"end":{"line":374,"column":5}},"98":{"start":{"line":300,"column":31},"end":{"line":300,"column":39}},"99":{"start":{"line":302,"column":6},"end":{"line":306,"column":7}},"100":{"start":{"line":303,"column":8},"end":{"line":305,"column":11}},"101":{"start":{"line":309,"column":26},"end":{"line":309,"column":61}},"102":{"start":{"line":310,"column":6},"end":{"line":310,"column":50}},"103":{"start":{"line":313,"column":17},"end":{"line":313,"column":76}},"104":{"start":{"line":315,"column":6},"end":{"line":349,"column":7}},"105":{"start":{"line":317,"column":8},"end":{"line":333,"column":11}},"106":{"start":{"line":335,"column":22},"end":{"line":335,"column":67}},"107":{"start":{"line":337,"column":8},"end":{"line":348,"column":11}},"108":{"start":{"line":352,"column":20},"end":{"line":352,"column":65}},"109":{"start":{"line":354,"column":6},"end":{"line":366,"column":9}},"110":{"start":{"line":368,"column":6},"end":{"line":368,"column":51}},"111":{"start":{"line":369,"column":6},"end":{"line":372,"column":9}},"112":{"start":{"line":373,"column":6},"end":{"line":373,"column":18}},"113":{"start":{"line":378,"column":0},"end":{"line":378,"column":32}}},"fnMap":{"0":{"name":"(anonymous_0)","decl":{"start":{"line":11,"column":2},"end":{"line":11,"column":3}},"loc":{"start":{"line":11,"column":40},"end":{"line":41,"column":3}},"line":11},"1":{"name":"(anonymous_1)","decl":{"start":{"line":43,"column":2},"end":{"line":43,"column":3}},"loc":{"start":{"line":43,"column":37},"end":{"line":77,"column":3}},"line":43},"2":{"name":"(anonymous_2)","decl":{"start":{"line":80,"column":2},"end":{"line":80,"column":3}},"loc":{"start":{"line":80,"column":42},"end":{"line":109,"column":3}},"line":80},"3":{"name":"(anonymous_3)","decl":{"start":{"line":112,"column":2},"end":{"line":112,"column":3}},"loc":{"start":{"line":112,"column":45},"end":{"line":150,"column":3}},"line":112},"4":{"name":"(anonymous_4)","decl":{"start":{"line":153,"column":2},"end":{"line":153,"column":3}},"loc":{"start":{"line":153,"column":46},"end":{"line":188,"column":3}},"line":153},"5":{"name":"(anonymous_5)","decl":{"start":{"line":190,"column":2},"end":{"line":190,"column":3}},"loc":{"start":{"line":190,"column":43},"end":{"line":259,"column":3}},"line":190},"6":{"name":"(anonymous_6)","decl":{"start":{"line":262,"column":2},"end":{"line":262,"column":3}},"loc":{"start":{"line":262,"column":42},"end":{"line":295,"column":3}},"line":262},"7":{"name":"(anonymous_7)","decl":{"start":{"line":298,"column":2},"end":{"line":298,"column":3}},"loc":{"start":{"line":298,"column":44},"end":{"line":375,"column":3}},"line":298}},"branchMap":{"0":{"loc":{"start":{"line":15,"column":6},"end":{"line":17,"column":7}},"type":"if","locations":[{"start":{"line":15,"column":6},"end":{"line":17,"column":7}},{"start":{},"end":{}}],"line":15},"1":{"loc":{"start":{"line":15,"column":10},"end":{"line":15,"column":42}},"type":"binary-expr","locations":[{"start":{"line":15,"column":10},"end":{"line":15,"column":19}},{"start":{"line":15,"column":23},"end":{"line":15,"column":29}},{"start":{"line":15,"column":33},"end":{"line":15,"column":42}}],"line":15},"2":{"loc":{"start":{"line":47,"column":6},"end":{"line":51,"column":7}},"type":"if","locations":[{"start":{"line":47,"column":6},"end":{"line":51,"column":7}},{"start":{},"end":{}}],"line":47},"3":{"loc":{"start":{"line":47,"column":10},"end":{"line":47,"column":29}},"type":"binary-expr","locations":[{"start":{"line":47,"column":10},"end":{"line":47,"column":16}},{"start":{"line":47,"column":20},"end":{"line":47,"column":29}}],"line":47},"4":{"loc":{"start":{"line":55,"column":6},"end":{"line":57,"column":7}},"type":"if","locations":[{"start":{"line":55,"column":6},"end":{"line":57,"column":7}},{"start":{},"end":{}}],"line":55},"5":{"loc":{"start":{"line":55,"column":10},"end":{"line":55,"column":60}},"type":"binary-expr","locations":[{"start":{"line":55,"column":10},"end":{"line":55,"column":15}},{"start":{"line":55,"column":19},"end":{"line":55,"column":60}}],"line":55},"6":{"loc":{"start":{"line":88,"column":6},"end":{"line":90,"column":7}},"type":"if","locations":[{"start":{"line":88,"column":6},"end":{"line":90,"column":7}},{"start":{},"end":{}}],"line":88},"7":{"loc":{"start":{"line":119,"column":6},"end":{"line":121,"column":7}},"type":"if","locations":[{"start":{"line":119,"column":6},"end":{"line":121,"column":7}},{"start":{},"end":{}}],"line":119},"8":{"loc":{"start":{"line":125,"column":6},"end":{"line":125,"column":51}},"type":"if","locations":[{"start":{"line":125,"column":6},"end":{"line":125,"column":51}},{"start":{},"end":{}}],"line":125},"9":{"loc":{"start":{"line":126,"column":6},"end":{"line":126,"column":68}},"type":"if","locations":[{"start":{"line":126,"column":6},"end":{"line":126,"column":68}},{"start":{},"end":{}}],"line":126},"10":{"loc":{"start":{"line":127,"column":6},"end":{"line":127,"column":65}},"type":"if","locations":[{"start":{"line":127,"column":6},"end":{"line":127,"column":65}},{"start":{},"end":{}}],"line":127},"11":{"loc":{"start":{"line":128,"column":6},"end":{"line":128,"column":50}},"type":"if","locations":[{"start":{"line":128,"column":6},"end":{"line":128,"column":50}},{"start":{},"end":{}}],"line":128},"12":{"loc":{"start":{"line":129,"column":6},"end":{"line":130,"column":51}},"type":"if","locations":[{"start":{"line":129,"column":6},"end":{"line":130,"column":51}},{"start":{},"end":{}}],"line":129},"13":{"loc":{"start":{"line":158,"column":6},"end":{"line":162,"column":7}},"type":"if","locations":[{"start":{"line":158,"column":6},"end":{"line":162,"column":7}},{"start":{},"end":{}}],"line":158},"14":{"loc":{"start":{"line":158,"column":10},"end":{"line":158,"column":42}},"type":"binary-expr","locations":[{"start":{"line":158,"column":10},"end":{"line":158,"column":26}},{"start":{"line":158,"column":30},"end":{"line":158,"column":42}}],"line":158},"15":{"loc":{"start":{"line":166,"column":6},"end":{"line":168,"column":7}},"type":"if","locations":[{"start":{"line":166,"column":6},"end":{"line":168,"column":7}},{"start":{},"end":{}}],"line":166},"16":{"loc":{"start":{"line":171,"column":6},"end":{"line":175,"column":7}},"type":"if","locations":[{"start":{"line":171,"column":6},"end":{"line":175,"column":7}},{"start":{},"end":{}}],"line":171},"17":{"loc":{"start":{"line":208,"column":6},"end":{"line":233,"column":7}},"type":"if","locations":[{"start":{"line":208,"column":6},"end":{"line":233,"column":7}},{"start":{},"end":{}}],"line":208},"18":{"loc":{"start":{"line":211,"column":20},"end":{"line":211,"column":63}},"type":"binary-expr","locations":[{"start":{"line":211,"column":20},"end":{"line":211,"column":32}},{"start":{"line":211,"column":36},"end":{"line":211,"column":63}}],"line":211},"19":{"loc":{"start":{"line":214,"column":21},"end":{"line":214,"column":45}},"type":"binary-expr","locations":[{"start":{"line":214,"column":21},"end":{"line":214,"column":39}},{"start":{"line":214,"column":43},"end":{"line":214,"column":45}}],"line":214},"20":{"loc":{"start":{"line":215,"column":20},"end":{"line":215,"column":45}},"type":"binary-expr","locations":[{"start":{"line":215,"column":20},"end":{"line":215,"column":39}},{"start":{"line":215,"column":43},"end":{"line":215,"column":45}}],"line":215},"21":{"loc":{"start":{"line":216,"column":26},"end":{"line":216,"column":49}},"type":"binary-expr","locations":[{"start":{"line":216,"column":26},"end":{"line":216,"column":41}},{"start":{"line":216,"column":45},"end":{"line":216,"column":49}}],"line":216},"22":{"loc":{"start":{"line":267,"column":6},"end":{"line":271,"column":7}},"type":"if","locations":[{"start":{"line":267,"column":6},"end":{"line":271,"column":7}},{"start":{},"end":{}}],"line":267},"23":{"loc":{"start":{"line":275,"column":6},"end":{"line":277,"column":7}},"type":"if","locations":[{"start":{"line":275,"column":6},"end":{"line":277,"column":7}},{"start":{},"end":{}}],"line":275},"24":{"loc":{"start":{"line":280,"column":6},"end":{"line":284,"column":7}},"type":"if","locations":[{"start":{"line":280,"column":6},"end":{"line":284,"column":7}},{"start":{},"end":{}}],"line":280},"25":{"loc":{"start":{"line":302,"column":6},"end":{"line":306,"column":7}},"type":"if","locations":[{"start":{"line":302,"column":6},"end":{"line":306,"column":7}},{"start":{},"end":{}}],"line":302},"26":{"loc":{"start":{"line":315,"column":6},"end":{"line":349,"column":7}},"type":"if","locations":[{"start":{"line":315,"column":6},"end":{"line":349,"column":7}},{"start":{},"end":{}}],"line":315},"27":{"loc":{"start":{"line":319,"column":12},"end":{"line":321,"column":39}},"type":"binary-expr","locations":[{"start":{"line":319,"column":12},"end":{"line":319,"column":32}},{"start":{"line":320,"column":12},"end":{"line":320,"column":35}},{"start":{"line":321,"column":12},"end":{"line":321,"column":39}}],"line":319},"28":{"loc":{"start":{"line":324,"column":21},"end":{"line":326,"column":16}},"type":"cond-expr","locations":[{"start":{"line":325,"column":14},"end":{"line":325,"column":51}},{"start":{"line":326,"column":14},"end":{"line":326,"column":16}}],"line":324},"29":{"loc":{"start":{"line":327,"column":20},"end":{"line":329,"column":16}},"type":"cond-expr","locations":[{"start":{"line":328,"column":14},"end":{"line":328,"column":67}},{"start":{"line":329,"column":14},"end":{"line":329,"column":16}}],"line":327},"30":{"loc":{"start":{"line":330,"column":26},"end":{"line":332,"column":18}},"type":"cond-expr","locations":[{"start":{"line":331,"column":14},"end":{"line":331,"column":94}},{"start":{"line":332,"column":14},"end":{"line":332,"column":18}}],"line":330}},"s":{"0":4,"1":4,"2":4,"3":4,"4":4,"5":4,"6":4,"7":12,"8":12,"9":12,"10":4,"11":8,"12":8,"13":3,"14":3,"15":5,"16":7,"17":7,"18":7,"19":3,"20":4,"21":3,"22":2,"23":1,"24":1,"25":1,"26":1,"27":1,"28":1,"29":1,"30":0,"31":1,"32":0,"33":5,"34":5,"35":5,"36":5,"37":5,"38":0,"39":5,"40":5,"41":1,"42":5,"43":3,"44":5,"45":2,"46":5,"47":2,"48":5,"49":2,"50":5,"51":5,"52":0,"53":5,"54":5,"55":5,"56":5,"57":3,"58":2,"59":2,"60":0,"61":2,"62":1,"63":1,"64":1,"65":1,"66":0,"67":4,"68":4,"69":4,"70":4,"71":4,"72":4,"73":4,"74":4,"75":4,"76":3,"77":3,"78":3,"79":1,"80":1,"81":0,"82":0,"83":0,"84":3,"85":3,"86":3,"87":3,"88":1,"89":2,"90":2,"91":0,"92":2,"93":1,"94":1,"95":1,"96":0,"97":4,"98":4,"99":4,"100":1,"101":3,"102":2,"103":2,"104":2,"105":1,"106":1,"107":1,"108":1,"109":1,"110":1,"111":1,"112":1,"113":4},"f":{"0":12,"1":7,"2":1,"3":5,"4":5,"5":4,"6":3,"7":4},"b":{"0":[4,8],"1":[12,10,9],"2":[3,4],"3":[7,5],"4":[2,1],"5":[3,2],"6":[0,1],"7":[0,5],"8":[1,4],"9":[3,2],"10":[2,3],"11":[2,3],"12":[2,3],"13":[3,2],"14":[5,3],"15":[0,2],"16":[1,1],"17":[3,1],"18":[3,1],"19":[3,2],"20":[3,2],"21":[3,2],"22":[1,2],"23":[0,2],"24":[1,1],"25":[1,3],"26":[1,1],"27":[1,0,0],"28":[1,0],"29":[1,0],"30":[1,0]},"_coverageSchema":"1a1c01bbd47fc00a2c39e90264f33305004495a9","hash":"771d69c92a38fc074291db5a60574e6b40f92cfd"}
,"C:\\Users\\pahle\\OneDrive\\ドキュメント\\PHASE 2\\W3\\IP-HCK83\\mealprepmate-server\\helpers\\bcrypt.js": {"path":"C:\\Users\\pahle\\OneDrive\\ドキュメント\\PHASE 2\\W3\\IP-HCK83\\mealprepmate-server\\helpers\\bcrypt.js","statementMap":{"0":{"start":{"line":1,"column":15},"end":{"line":1,"column":34}},"1":{"start":{"line":3,"column":21},"end":{"line":5,"column":1}},"2":{"start":{"line":4,"column":2},"end":{"line":4,"column":39}},"3":{"start":{"line":7,"column":24},"end":{"line":9,"column":1}},"4":{"start":{"line":8,"column":2},"end":{"line":8,"column":54}},"5":{"start":{"line":11,"column":0},"end":{"line":11,"column":51}}},"fnMap":{"0":{"name":"(anonymous_0)","decl":{"start":{"line":3,"column":21},"end":{"line":3,"column":22}},"loc":{"start":{"line":3,"column":35},"end":{"line":5,"column":1}},"line":3},"1":{"name":"(anonymous_1)","decl":{"start":{"line":7,"column":24},"end":{"line":7,"column":25}},"loc":{"start":{"line":7,"column":54},"end":{"line":9,"column":1}},"line":7}},"branchMap":{},"s":{"0":5,"1":5,"2":107,"3":5,"4":8,"5":5},"f":{"0":107,"1":8},"b":{},"_coverageSchema":"1a1c01bbd47fc00a2c39e90264f33305004495a9","hash":"cae44582e47bf8db8fe7ceb8f46b971efbbfb486"}
,"C:\\Users\\pahle\\OneDrive\\ドキュメント\\PHASE 2\\W3\\IP-HCK83\\mealprepmate-server\\helpers\\discord.js": {"path":"C:\\Users\\pahle\\OneDrive\\ドキュメント\\PHASE 2\\W3\\IP-HCK83\\mealprepmate-server\\helpers\\discord.js","statementMap":{"0":{"start":{"line":1,"column":14},"end":{"line":1,"column":30}},"1":{"start":{"line":3,"column":16},"end":{"line":14,"column":1}},"2":{"start":{"line":4,"column":2},"end":{"line":13,"column":3}},"3":{"start":{"line":5,"column":21},"end":{"line":9,"column":6}},"4":{"start":{"line":10,"column":4},"end":{"line":10,"column":25}},"5":{"start":{"line":12,"column":4},"end":{"line":12,"column":57}},"6":{"start":{"line":16,"column":0},"end":{"line":18,"column":2}}},"fnMap":{"0":{"name":"(anonymous_0)","decl":{"start":{"line":3,"column":16},"end":{"line":3,"column":17}},"loc":{"start":{"line":3,"column":39},"end":{"line":14,"column":1}},"line":3}},"branchMap":{},"s":{"0":1,"1":1,"2":0,"3":0,"4":0,"5":0,"6":1},"f":{"0":0},"b":{},"_coverageSchema":"1a1c01bbd47fc00a2c39e90264f33305004495a9","hash":"17644bca2872fd187939865c461a47517f36b49c"}
,"C:\\Users\\pahle\\OneDrive\\ドキュメント\\PHASE 2\\W3\\IP-HCK83\\mealprepmate-server\\helpers\\jwt.js": {"path":"C:\\Users\\pahle\\OneDrive\\ドキュメント\\PHASE 2\\W3\\IP-HCK83\\mealprepmate-server\\helpers\\jwt.js","statementMap":{"0":{"start":{"line":1,"column":12},"end":{"line":1,"column":35}},"1":{"start":{"line":3,"column":18},"end":{"line":5,"column":1}},"2":{"start":{"line":4,"column":2},"end":{"line":4,"column":72}},"3":{"start":{"line":7,"column":20},"end":{"line":9,"column":1}},"4":{"start":{"line":8,"column":2},"end":{"line":8,"column":51}},"5":{"start":{"line":11,"column":0},"end":{"line":11,"column":44}}},"fnMap":{"0":{"name":"(anonymous_0)","decl":{"start":{"line":3,"column":18},"end":{"line":3,"column":19}},"loc":{"start":{"line":3,"column":31},"end":{"line":5,"column":1}},"line":3},"1":{"name":"(anonymous_1)","decl":{"start":{"line":7,"column":20},"end":{"line":7,"column":21}},"loc":{"start":{"line":7,"column":31},"end":{"line":9,"column":1}},"line":7}},"branchMap":{},"s":{"0":6,"1":6,"2":100,"3":6,"4":56,"5":6},"f":{"0":100,"1":56},"b":{},"_coverageSchema":"1a1c01bbd47fc00a2c39e90264f33305004495a9","hash":"70ce1cc53fc1f414263ee8c730f45dfdd7c1c734"}
,"C:\\Users\\pahle\\OneDrive\\ドキュメント\\PHASE 2\\W3\\IP-HCK83\\mealprepmate-server\\middlewares\\authentication.js": {"path":"C:\\Users\\pahle\\OneDrive\\ドキュメント\\PHASE 2\\W3\\IP-HCK83\\mealprepmate-server\\middlewares\\authentication.js","statementMap":{"0":{"start":{"line":1,"column":24},"end":{"line":1,"column":49}},"1":{"start":{"line":2,"column":17},"end":{"line":2,"column":37}},"2":{"start":{"line":4,"column":21},"end":{"line":25,"column":1}},"3":{"start":{"line":5,"column":2},"end":{"line":24,"column":3}},"4":{"start":{"line":6,"column":30},"end":{"line":6,"column":41}},"5":{"start":{"line":8,"column":4},"end":{"line":10,"column":5}},"6":{"start":{"line":9,"column":6},"end":{"line":9,"column":72}},"7":{"start":{"line":12,"column":18},"end":{"line":12,"column":45}},"8":{"start":{"line":13,"column":20},"end":{"line":13,"column":38}},"9":{"start":{"line":15,"column":17},"end":{"line":15,"column":48}},"10":{"start":{"line":16,"column":4},"end":{"line":18,"column":5}},"11":{"start":{"line":17,"column":6},"end":{"line":17,"column":64}},"12":{"start":{"line":20,"column":4},"end":{"line":20,"column":20}},"13":{"start":{"line":21,"column":4},"end":{"line":21,"column":11}},"14":{"start":{"line":23,"column":4},"end":{"line":23,"column":55}},"15":{"start":{"line":27,"column":0},"end":{"line":27,"column":34}}},"fnMap":{"0":{"name":"(anonymous_0)","decl":{"start":{"line":4,"column":21},"end":{"line":4,"column":22}},"loc":{"start":{"line":4,"column":47},"end":{"line":25,"column":1}},"line":4}},"branchMap":{"0":{"loc":{"start":{"line":8,"column":4},"end":{"line":10,"column":5}},"type":"if","locations":[{"start":{"line":8,"column":4},"end":{"line":10,"column":5}},{"start":{},"end":{}}],"line":8},"1":{"loc":{"start":{"line":8,"column":8},"end":{"line":8,"column":62}},"type":"binary-expr","locations":[{"start":{"line":8,"column":8},"end":{"line":8,"column":22}},{"start":{"line":8,"column":26},"end":{"line":8,"column":62}}],"line":8},"2":{"loc":{"start":{"line":16,"column":4},"end":{"line":18,"column":5}},"type":"if","locations":[{"start":{"line":16,"column":4},"end":{"line":18,"column":5}},{"start":{},"end":{}}],"line":16}},"s":{"0":5,"1":5,"2":5,"3":62,"4":62,"5":62,"6":8,"7":54,"8":54,"9":50,"10":50,"11":1,"12":49,"13":49,"14":4,"15":5},"f":{"0":62},"b":{"0":[8,54],"1":[62,56],"2":[1,49]},"_coverageSchema":"1a1c01bbd47fc00a2c39e90264f33305004495a9","hash":"18aafc0c313523443c55d3660809b1927a24798c"}
,"C:\\Users\\pahle\\OneDrive\\ドキュメント\\PHASE 2\\W3\\IP-HCK83\\mealprepmate-server\\middlewares\\errorHandler.js": {"path":"C:\\Users\\pahle\\OneDrive\\ドキュメント\\PHASE 2\\W3\\IP-HCK83\\mealprepmate-server\\middlewares\\errorHandler.js","statementMap":{"0":{"start":{"line":1,"column":21},"end":{"line":14,"column":1}},"1":{"start":{"line":2,"column":2},"end":{"line":2,"column":27}},"2":{"start":{"line":4,"column":2},"end":{"line":7,"column":3}},"3":{"start":{"line":5,"column":19},"end":{"line":5,"column":57}},"4":{"start":{"line":5,"column":43},"end":{"line":5,"column":56}},"5":{"start":{"line":6,"column":4},"end":{"line":6,"column":73}},"6":{"start":{"line":9,"column":2},"end":{"line":11,"column":3}},"7":{"start":{"line":10,"column":4},"end":{"line":10,"column":68}},"8":{"start":{"line":13,"column":2},"end":{"line":13,"column":61}},"9":{"start":{"line":16,"column":0},"end":{"line":16,"column":30}}},"fnMap":{"0":{"name":"(anonymous_0)","decl":{"start":{"line":1,"column":21},"end":{"line":1,"column":22}},"loc":{"start":{"line":1,"column":46},"end":{"line":14,"column":1}},"line":1},"1":{"name":"(anonymous_1)","decl":{"start":{"line":5,"column":34},"end":{"line":5,"column":35}},"loc":{"start":{"line":5,"column":43},"end":{"line":5,"column":56}},"line":5}},"branchMap":{"0":{"loc":{"start":{"line":4,"column":2},"end":{"line":7,"column":3}},"type":"if","locations":[{"start":{"line":4,"column":2},"end":{"line":7,"column":3}},{"start":{},"end":{}}],"line":4},"1":{"loc":{"start":{"line":9,"column":2},"end":{"line":11,"column":3}},"type":"if","locations":[{"start":{"line":9,"column":2},"end":{"line":11,"column":3}},{"start":{},"end":{}}],"line":9}},"s":{"0":5,"1":12,"2":12,"3":1,"4":1,"5":1,"6":11,"7":4,"8":7,"9":5},"f":{"0":12,"1":1},"b":{"0":[1,11],"1":[4,7]},"_coverageSchema":"1a1c01bbd47fc00a2c39e90264f33305004495a9","hash":"a13469a2f58f789ec5526fe9bf3ae870b2280e03"}
,"C:\\Users\\pahle\\OneDrive\\ドキュメント\\PHASE 2\\W3\\IP-HCK83\\mealprepmate-server\\models\\mealplan.js": {"path":"C:\\Users\\pahle\\OneDrive\\ドキュメント\\PHASE 2\\W3\\IP-HCK83\\mealprepmate-server\\models\\mealplan.js","statementMap":{"0":{"start":{"line":2,"column":18},"end":{"line":2,"column":38}},"1":{"start":{"line":3,"column":0},"end":{"line":48,"column":2}},"2":{"start":{"line":12,"column":6},"end":{"line":12,"column":64}},"3":{"start":{"line":13,"column":6},"end":{"line":13,"column":68}},"4":{"start":{"line":16,"column":2},"end":{"line":46,"column":4}},"5":{"start":{"line":47,"column":2},"end":{"line":47,"column":18}}},"fnMap":{"0":{"name":"(anonymous_0)","decl":{"start":{"line":3,"column":17},"end":{"line":3,"column":18}},"loc":{"start":{"line":3,"column":43},"end":{"line":48,"column":1}},"line":3},"1":{"name":"(anonymous_1)","decl":{"start":{"line":10,"column":4},"end":{"line":10,"column":5}},"loc":{"start":{"line":10,"column":29},"end":{"line":14,"column":5}},"line":10}},"branchMap":{},"s":{"0":7,"1":7,"2":7,"3":7,"4":7,"5":7},"f":{"0":7,"1":7},"b":{},"_coverageSchema":"1a1c01bbd47fc00a2c39e90264f33305004495a9","hash":"6f8a9f5148c422c62b083beee59024bb885ceddf"}
,"C:\\Users\\pahle\\OneDrive\\ドキュメント\\PHASE 2\\W3\\IP-HCK83\\mealprepmate-server\\models\\recipe.js": {"path":"C:\\Users\\pahle\\OneDrive\\ドキュメント\\PHASE 2\\W3\\IP-HCK83\\mealprepmate-server\\models\\recipe.js","statementMap":{"0":{"start":{"line":2,"column":18},"end":{"line":2,"column":38}},"1":{"start":{"line":3,"column":0},"end":{"line":55,"column":2}},"2":{"start":{"line":12,"column":6},"end":{"line":12,"column":66}},"3":{"start":{"line":15,"column":2},"end":{"line":53,"column":4}},"4":{"start":{"line":54,"column":2},"end":{"line":54,"column":16}}},"fnMap":{"0":{"name":"(anonymous_0)","decl":{"start":{"line":3,"column":17},"end":{"line":3,"column":18}},"loc":{"start":{"line":3,"column":43},"end":{"line":55,"column":1}},"line":3},"1":{"name":"(anonymous_1)","decl":{"start":{"line":10,"column":4},"end":{"line":10,"column":5}},"loc":{"start":{"line":10,"column":29},"end":{"line":13,"column":5}},"line":10}},"branchMap":{},"s":{"0":7,"1":7,"2":7,"3":7,"4":7},"f":{"0":7,"1":7},"b":{},"_coverageSchema":"1a1c01bbd47fc00a2c39e90264f33305004495a9","hash":"af0d013f050b2f7f36556c82ef3eda4131d31103"}
,"C:\\Users\\pahle\\OneDrive\\ドキュメント\\PHASE 2\\W3\\IP-HCK83\\mealprepmate-server\\models\\user.js": {"path":"C:\\Users\\pahle\\OneDrive\\ドキュメント\\PHASE 2\\W3\\IP-HCK83\\mealprepmate-server\\models\\user.js","statementMap":{"0":{"start":{"line":4,"column":4},"end":{"line":4,"column":24}},"1":{"start":{"line":5,"column":0},"end":{"line":64,"column":2}},"2":{"start":{"line":8,"column":6},"end":{"line":8,"column":62}},"3":{"start":{"line":11,"column":2},"end":{"line":62,"column":5}},"4":{"start":{"line":63,"column":2},"end":{"line":63,"column":14}}},"fnMap":{"0":{"name":"(anonymous_0)","decl":{"start":{"line":5,"column":17},"end":{"line":5,"column":18}},"loc":{"start":{"line":5,"column":43},"end":{"line":64,"column":1}},"line":5},"1":{"name":"(anonymous_1)","decl":{"start":{"line":7,"column":4},"end":{"line":7,"column":5}},"loc":{"start":{"line":7,"column":29},"end":{"line":9,"column":5}},"line":7}},"branchMap":{},"s":{"0":7,"1":7,"2":7,"3":7,"4":7},"f":{"0":7,"1":7},"b":{},"_coverageSchema":"1a1c01bbd47fc00a2c39e90264f33305004495a9","hash":"ddc841c4b99e24e090ad89f59ba5d6fcbba851f4"}
,"C:\\Users\\pahle\\OneDrive\\ドキュメント\\PHASE 2\\W3\\IP-HCK83\\mealprepmate-server\\routes\\mealPlanRoutes.js": {"path":"C:\\Users\\pahle\\OneDrive\\ドキュメント\\PHASE 2\\W3\\IP-HCK83\\mealprepmate-server\\routes\\mealPlanRoutes.js","statementMap":{"0":{"start":{"line":1,"column":16},"end":{"line":1,"column":34}},"1":{"start":{"line":2,"column":27},"end":{"line":2,"column":71}},"2":{"start":{"line":3,"column":25},"end":{"line":3,"column":65}},"3":{"start":{"line":4,"column":15},"end":{"line":4,"column":31}},"4":{"start":{"line":6,"column":0},"end":{"line":6,"column":66}},"5":{"start":{"line":7,"column":0},"end":{"line":7,"column":67}},"6":{"start":{"line":8,"column":0},"end":{"line":8,"column":71}},"7":{"start":{"line":10,"column":0},"end":{"line":10,"column":24}}},"fnMap":{},"branchMap":{},"s":{"0":4,"1":4,"2":4,"3":4,"4":4,"5":4,"6":4,"7":4},"f":{},"b":{},"_coverageSchema":"1a1c01bbd47fc00a2c39e90264f33305004495a9","hash":"62308944c06ea09071415ec601c61bd635c7b211"}
,"C:\\Users\\pahle\\OneDrive\\ドキュメント\\PHASE 2\\W3\\IP-HCK83\\mealprepmate-server\\routes\\recipeRoutes.js": {"path":"C:\\Users\\pahle\\OneDrive\\ドキュメント\\PHASE 2\\W3\\IP-HCK83\\mealprepmate-server\\routes\\recipeRoutes.js","statementMap":{"0":{"start":{"line":1,"column":16},"end":{"line":1,"column":34}},"1":{"start":{"line":2,"column":25},"end":{"line":2,"column":67}},"2":{"start":{"line":3,"column":25},"end":{"line":3,"column":65}},"3":{"start":{"line":4,"column":15},"end":{"line":4,"column":31}},"4":{"start":{"line":7,"column":0},"end":{"line":7,"column":68}},"5":{"start":{"line":8,"column":0},"end":{"line":8,"column":65}},"6":{"start":{"line":9,"column":0},"end":{"line":9,"column":62}},"7":{"start":{"line":12,"column":0},"end":{"line":12,"column":62}},"8":{"start":{"line":15,"column":0},"end":{"line":15,"column":64}},"9":{"start":{"line":20,"column":0},"end":{"line":20,"column":24}}},"fnMap":{},"branchMap":{},"s":{"0":4,"1":4,"2":4,"3":4,"4":4,"5":4,"6":4,"7":4,"8":4,"9":4},"f":{},"b":{},"_coverageSchema":"1a1c01bbd47fc00a2c39e90264f33305004495a9","hash":"2b7416c54c386104d4f2aef971a0a767387cd339"}
,"C:\\Users\\pahle\\OneDrive\\ドキュメント\\PHASE 2\\W3\\IP-HCK83\\mealprepmate-server\\routes\\userRoutes.js": {"path":"C:\\Users\\pahle\\OneDrive\\ドキュメント\\PHASE 2\\W3\\IP-HCK83\\mealprepmate-server\\routes\\userRoutes.js","statementMap":{"0":{"start":{"line":1,"column":16},"end":{"line":1,"column":34}},"1":{"start":{"line":2,"column":23},"end":{"line":2,"column":63}},"2":{"start":{"line":3,"column":25},"end":{"line":3,"column":65}},"3":{"start":{"line":4,"column":15},"end":{"line":4,"column":31}},"4":{"start":{"line":7,"column":0},"end":{"line":7,"column":50}},"5":{"start":{"line":8,"column":0},"end":{"line":8,"column":44}},"6":{"start":{"line":9,"column":0},"end":{"line":9,"column":57}},"7":{"start":{"line":10,"column":0},"end":{"line":10,"column":59}},"8":{"start":{"line":13,"column":0},"end":{"line":13,"column":64}},"9":{"start":{"line":14,"column":0},"end":{"line":14,"column":67}},"10":{"start":{"line":15,"column":0},"end":{"line":15,"column":69}},"11":{"start":{"line":16,"column":0},"end":{"line":16,"column":67}},"12":{"start":{"line":18,"column":0},"end":{"line":18,"column":24}}},"fnMap":{},"branchMap":{},"s":{"0":4,"1":4,"2":4,"3":4,"4":4,"5":4,"6":4,"7":4,"8":4,"9":4,"10":4,"11":4,"12":4},"f":{},"b":{},"_coverageSchema":"1a1c01bbd47fc00a2c39e90264f33305004495a9","hash":"fe04beb6f353adfc227de78283b9625f0b69cea3"}
}
