TN:
SF:controllers\mealPlanController.js
FN:4,(anonymous_0)
FN:59,(anonymous_1)
FN:75,(anonymous_2)
FNF:3
FNH:3
FNDA:3,(anonymous_0)
FNDA:2,(anonymous_1)
FNDA:3,(anonymous_2)
DA:1,4
DA:5,3
DA:6,3
DA:7,3
DA:9,3
DA:10,1
DA:14,2
DA:15,2
DA:16,0
DA:20,2
DA:24,2
DA:26,1
DA:27,1
DA:29,1
DA:33,1
DA:40,1
DA:46,1
DA:50,1
DA:55,0
DA:60,2
DA:61,2
DA:63,2
DA:69,1
DA:71,1
DA:76,3
DA:77,3
DA:78,3
DA:80,3
DA:84,2
DA:85,1
DA:88,1
DA:90,1
DA:92,1
DA:97,4
LF:34
LH:32
BRDA:9,0,0,1
BRDA:9,0,1,2
BRDA:9,1,0,3
BRDA:9,1,1,2
BRDA:15,2,0,0
BRDA:15,2,1,2
BRDA:24,3,0,1
BRDA:24,3,1,1
BRDA:84,4,0,1
BRDA:84,4,1,1
BRF:10
BRH:9
end_of_record
TN:
SF:controllers\recipeController.js
FN:9,(anonymous_0)
FN:19,(anonymous_1)
FN:30,(anonymous_2)
FN:44,(anonymous_3)
FN:79,(anonymous_4)
FN:83,(anonymous_5)
FN:92,(anonymous_6)
FN:94,(anonymous_7)
FN:112,(anonymous_8)
FN:113,(anonymous_9)
FN:156,(anonymous_10)
FN:159,(anonymous_11)
FN:199,(anonymous_12)
FN:221,(anonymous_13)
FN:291,(anonymous_14)
FN:307,(anonymous_15)
FN:323,(anonymous_16)
FN:345,(anonymous_17)
FN:356,(anonymous_18)
FN:382,(anonymous_19)
FNF:20
FNH:16
FNDA:8,(anonymous_0)
FNDA:7,(anonymous_1)
FNDA:7,(anonymous_2)
FNDA:2,(anonymous_3)
FNDA:4,(anonymous_4)
FNDA:2,(anonymous_5)
FNDA:4,(anonymous_6)
FNDA:6,(anonymous_7)
FNDA:0,(anonymous_8)
FNDA:0,(anonymous_9)
FNDA:12,(anonymous_10)
FNDA:12,(anonymous_11)
FNDA:0,(anonymous_12)
FNDA:16,(anonymous_13)
FNDA:0,(anonymous_14)
FNDA:3,(anonymous_15)
FNDA:1,(anonymous_16)
FNDA:1,(anonymous_17)
FNDA:6,(anonymous_18)
FNDA:2,(anonymous_19)
DA:1,4
DA:2,4
DA:3,4
DA:4,4
DA:6,4
DA:10,8
DA:11,8
DA:13,8
DA:15,8
DA:16,3
DA:19,7
DA:20,5
DA:23,5
DA:24,5
DA:27,5
DA:28,5
DA:30,7
DA:43,5
DA:44,5
DA:47,5
DA:48,2
DA:49,2
DA:51,2
DA:52,2
DA:61,2
DA:62,4
DA:63,4
DA:65,4
DA:67,4
DA:69,4
DA:79,4
DA:82,2
DA:83,2
DA:92,4
DA:94,6
DA:96,2
DA:108,0
DA:111,0
DA:112,0
DA:113,0
DA:115,0
DA:123,0
DA:127,3
DA:128,3
DA:130,3
DA:131,3
DA:139,3
DA:140,12
DA:141,12
DA:143,12
DA:145,12
DA:147,12
DA:156,12
DA:159,12
DA:161,3
DA:171,0
DA:174,0
DA:175,0
DA:178,0
DA:182,0
DA:183,0
DA:184,0
DA:185,0
DA:187,0
DA:199,0
DA:201,0
DA:212,0
DA:213,0
DA:222,16
DA:224,16
DA:227,16
DA:228,16
DA:230,16
DA:231,16
DA:232,16
DA:233,16
DA:234,16
DA:254,16
DA:256,16
DA:260,16
DA:261,16
DA:263,16
DA:266,16
DA:267,16
DA:269,0
DA:270,0
DA:271,0
DA:275,16
DA:276,0
DA:279,16
DA:282,16
DA:283,0
DA:286,16
DA:290,16
DA:291,0
DA:294,16
DA:301,0
DA:302,0
DA:303,0
DA:308,3
DA:309,3
DA:311,3
DA:313,3
DA:314,2
DA:317,1
DA:319,0
DA:324,1
DA:325,1
DA:326,1
DA:328,1
DA:334,1
DA:341,0
DA:346,1
DA:347,1
DA:348,0
DA:349,0
DA:351,1
DA:352,1
DA:357,6
DA:358,6
DA:360,6
DA:361,3
DA:366,3
DA:373,3
DA:378,0
DA:383,2
DA:384,2
DA:385,2
DA:387,2
DA:389,2
DA:390,1
DA:393,1
DA:399,1
DA:404,0
DA:409,4
LF:135
LH:101
BRDA:15,0,0,3
BRDA:15,0,1,5
BRDA:47,1,0,2
BRDA:47,1,1,3
BRDA:185,2,0,0
BRDA:185,2,1,0
BRDA:216,3,0,0
BRDA:216,3,1,0
BRDA:267,4,0,0
BRDA:267,4,1,16
BRDA:269,5,0,0
BRDA:269,5,1,0
BRDA:270,6,0,0
BRDA:270,6,1,0
BRDA:275,7,0,0
BRDA:275,7,1,16
BRDA:282,8,0,0
BRDA:282,8,1,16
BRDA:282,9,0,16
BRDA:282,9,1,16
BRDA:282,9,2,16
BRDA:286,10,0,0
BRDA:286,10,1,16
BRDA:290,11,0,0
BRDA:290,11,1,16
BRDA:313,12,0,2
BRDA:313,12,1,1
BRDA:325,13,0,1
BRDA:325,14,0,1
BRDA:360,15,0,3
BRDA:360,15,1,3
BRDA:360,16,0,6
BRDA:360,16,1,5
BRDA:360,16,2,4
BRDA:389,17,0,1
BRDA:389,17,1,1
BRDA:394,18,0,1
BRDA:394,18,1,1
BRDA:395,19,0,1
BRDA:395,19,1,1
BRDA:396,20,0,1
BRDA:396,20,1,1
BRF:42
BRH:29
end_of_record
TN:
SF:controllers\userController.js
FN:11,(anonymous_0)
FN:43,(anonymous_1)
FN:80,(anonymous_2)
FN:112,(anonymous_3)
FN:153,(anonymous_4)
FN:190,(anonymous_5)
FN:262,(anonymous_6)
FN:298,(anonymous_7)
FNF:8
FNH:8
FNDA:2,(anonymous_0)
FNDA:2,(anonymous_1)
FNDA:1,(anonymous_2)
FNDA:1,(anonymous_3)
FNDA:2,(anonymous_4)
FNDA:1,(anonymous_5)
FNDA:3,(anonymous_6)
FNDA:2,(anonymous_7)
DA:1,4
DA:2,4
DA:3,4
DA:4,4
DA:5,4
DA:7,4
DA:8,4
DA:12,2
DA:13,2
DA:15,2
DA:16,0
DA:19,2
DA:21,2
DA:27,1
DA:29,1
DA:39,1
DA:44,2
DA:45,2
DA:47,2
DA:48,0
DA:53,2
DA:55,2
DA:56,1
DA:59,1
DA:61,1
DA:75,0
DA:81,1
DA:82,1
DA:84,1
DA:88,1
DA:89,0
DA:92,1
DA:107,0
DA:113,1
DA:114,1
DA:115,1
DA:117,1
DA:119,1
DA:120,0
DA:124,1
DA:125,1
DA:126,1
DA:127,1
DA:128,1
DA:129,1
DA:130,0
DA:132,1
DA:134,1
DA:148,0
DA:154,2
DA:155,2
DA:156,2
DA:158,2
DA:159,0
DA:164,2
DA:166,2
DA:167,0
DA:171,2
DA:172,1
DA:178,1
DA:180,1
DA:182,1
DA:186,0
DA:191,1
DA:192,1
DA:193,1
DA:194,1
DA:197,1
DA:202,0
DA:203,0
DA:206,0
DA:208,0
DA:210,0
DA:219,0
DA:221,0
DA:236,0
DA:238,0
DA:252,1
DA:253,1
DA:257,1
DA:263,3
DA:264,3
DA:265,3
DA:267,3
DA:268,1
DA:273,2
DA:275,2
DA:276,0
DA:280,2
DA:281,1
DA:287,1
DA:289,1
DA:293,0
DA:299,2
DA:300,2
DA:302,2
DA:303,1
DA:309,1
DA:310,0
DA:313,0
DA:315,0
DA:317,0
DA:335,0
DA:337,0
DA:352,0
DA:354,0
DA:368,1
DA:369,1
DA:373,1
DA:378,4
LF:110
LH:80
BRDA:15,0,0,0
BRDA:15,0,1,2
BRDA:15,1,0,2
BRDA:15,1,1,2
BRDA:15,1,2,2
BRDA:47,2,0,0
BRDA:47,2,1,2
BRDA:47,3,0,2
BRDA:47,3,1,2
BRDA:55,4,0,1
BRDA:55,4,1,1
BRDA:55,5,0,2
BRDA:55,5,1,2
BRDA:88,6,0,0
BRDA:88,6,1,1
BRDA:119,7,0,0
BRDA:119,7,1,1
BRDA:125,8,0,1
BRDA:125,8,1,0
BRDA:126,9,0,1
BRDA:126,9,1,0
BRDA:127,10,0,1
BRDA:127,10,1,0
BRDA:128,11,0,0
BRDA:128,11,1,1
BRDA:129,12,0,0
BRDA:129,12,1,1
BRDA:158,13,0,0
BRDA:158,13,1,2
BRDA:158,14,0,2
BRDA:158,14,1,2
BRDA:166,15,0,0
BRDA:166,15,1,2
BRDA:171,16,0,1
BRDA:171,16,1,1
BRDA:208,17,0,0
BRDA:208,17,1,0
BRDA:211,18,0,0
BRDA:211,18,1,0
BRDA:214,19,0,0
BRDA:214,19,1,0
BRDA:215,20,0,0
BRDA:215,20,1,0
BRDA:216,21,0,0
BRDA:216,21,1,0
BRDA:267,22,0,1
BRDA:267,22,1,2
BRDA:275,23,0,0
BRDA:275,23,1,2
BRDA:280,24,0,1
BRDA:280,24,1,1
BRDA:302,25,0,1
BRDA:302,25,1,1
BRDA:315,26,0,0
BRDA:315,26,1,0
BRDA:319,27,0,0
BRDA:319,27,1,0
BRDA:319,27,2,0
BRDA:324,28,0,0
BRDA:324,28,1,0
BRDA:327,29,0,0
BRDA:327,29,1,0
BRDA:330,30,0,0
BRDA:330,30,1,0
BRF:64
BRH:31
end_of_record
TN:
SF:helpers\bcrypt.js
FN:3,(anonymous_0)
FN:7,(anonymous_1)
FNF:2
FNH:2
FNDA:55,(anonymous_0)
FNDA:8,(anonymous_1)
DA:1,5
DA:3,5
DA:4,55
DA:7,5
DA:8,8
DA:11,5
LF:6
LH:6
BRF:0
BRH:0
end_of_record
TN:
SF:helpers\jwt.js
FN:3,(anonymous_0)
FN:7,(anonymous_1)
FNF:2
FNH:2
FNDA:56,(anonymous_0)
FNDA:41,(anonymous_1)
DA:1,6
DA:3,6
DA:4,56
DA:7,6
DA:8,41
DA:11,6
LF:6
LH:6
BRF:0
BRH:0
end_of_record
TN:
SF:middlewares\authentication.js
FN:4,(anonymous_0)
FNF:1
FNH:1
FNDA:44,(anonymous_0)
DA:1,5
DA:2,5
DA:4,5
DA:5,44
DA:6,44
DA:8,44
DA:9,5
DA:12,39
DA:13,39
DA:15,37
DA:16,37
DA:17,1
DA:20,36
DA:21,36
DA:23,2
DA:27,5
LF:16
LH:16
BRDA:8,0,0,5
BRDA:8,0,1,39
BRDA:8,1,0,44
BRDA:8,1,1,40
BRDA:16,2,0,1
BRDA:16,2,1,36
BRF:6
BRH:6
end_of_record
TN:
SF:middlewares\errorHandler.js
FN:1,(anonymous_0)
FN:5,(anonymous_1)
FNF:2
FNH:2
FNDA:8,(anonymous_0)
FNDA:1,(anonymous_1)
DA:1,5
DA:2,8
DA:4,8
DA:5,1
DA:6,1
DA:9,7
DA:10,2
DA:13,5
DA:16,5
LF:9
LH:9
BRDA:4,0,0,1
BRDA:4,0,1,7
BRDA:9,1,0,2
BRDA:9,1,1,5
BRF:4
BRH:4
end_of_record
TN:
SF:models\mealplan.js
FN:3,(anonymous_0)
FN:10,(anonymous_1)
FNF:2
FNH:2
FNDA:7,(anonymous_0)
FNDA:7,(anonymous_1)
DA:2,7
DA:3,7
DA:12,7
DA:13,7
DA:16,7
DA:47,7
LF:6
LH:6
BRF:0
BRH:0
end_of_record
TN:
SF:models\recipe.js
FN:3,(anonymous_0)
FN:10,(anonymous_1)
FNF:2
FNH:2
FNDA:7,(anonymous_0)
FNDA:7,(anonymous_1)
DA:2,7
DA:3,7
DA:12,7
DA:15,7
DA:54,7
LF:5
LH:5
BRF:0
BRH:0
end_of_record
TN:
SF:models\user.js
FN:5,(anonymous_0)
FN:7,(anonymous_1)
FNF:2
FNH:2
FNDA:7,(anonymous_0)
FNDA:7,(anonymous_1)
DA:4,7
DA:5,7
DA:8,7
DA:11,7
DA:63,7
LF:5
LH:5
BRF:0
BRH:0
end_of_record
TN:
SF:routes\mealPlanRoutes.js
FNF:0
FNH:0
DA:1,4
DA:2,4
DA:3,4
DA:4,4
DA:6,4
DA:7,4
DA:8,4
DA:10,4
LF:8
LH:8
BRF:0
BRH:0
end_of_record
TN:
SF:routes\recipeRoutes.js
FNF:0
FNH:0
DA:1,4
DA:2,4
DA:3,4
DA:4,4
DA:7,4
DA:8,4
DA:9,4
DA:12,4
DA:15,4
DA:20,4
LF:10
LH:10
BRF:0
BRH:0
end_of_record
TN:
SF:routes\userRoutes.js
FNF:0
FNH:0
DA:1,4
DA:2,4
DA:3,4
DA:4,4
DA:7,4
DA:8,4
DA:9,4
DA:10,4
DA:13,4
DA:14,4
DA:15,4
DA:16,4
DA:18,4
LF:13
LH:13
BRF:0
BRH:0
end_of_record
